0 info it worked if it ends with ok
1 verbose cli [ '/usr/local/bin/node', '/usr/local/bin/npm', 'install' ]
2 info using npm@1.4.23
3 info using node@v0.10.31
4 warn package.json gibberish@0.0.0 No repository field.
5 verbose readDependencies using package.json deps
6 verbose install where, deps [ '/Users/apadez/develop/eureca',
6 verbose install   [ 'socket.io',
6 verbose install     'socket.io-client',
6 verbose install     'chai',
6 verbose install     'grunt',
6 verbose install     'grunt-browser-sync',
6 verbose install     'grunt-browserify',
6 verbose install     'grunt-contrib-clean',
6 verbose install     'grunt-contrib-copy',
6 verbose install     'grunt-contrib-jshint',
6 verbose install     'grunt-contrib-sass',
6 verbose install     'grunt-contrib-testem',
6 verbose install     'grunt-contrib-watch',
6 verbose install     'grunt-shell',
6 verbose install     'grunt-text-replace' ] ]
7 info preinstall gibberish@0.0.0
8 verbose readDependencies using package.json deps
9 verbose cache add [ 'socket.io-client@git@github.com:Automattic/socket.io-client.git',
9 verbose cache add   null ]
10 verbose cache add name=undefined spec="socket.io-client@git@github.com:Automattic/socket.io-client.git" args=["socket.io-client@git@github.com:Automattic/socket.io-client.git",null]
11 verbose parsed url { protocol: null,
11 verbose parsed url   slashes: null,
11 verbose parsed url   auth: null,
11 verbose parsed url   host: null,
11 verbose parsed url   port: null,
11 verbose parsed url   hostname: null,
11 verbose parsed url   hash: null,
11 verbose parsed url   search: null,
11 verbose parsed url   query: null,
11 verbose parsed url   pathname: 'socket.io-client@git@github.com:Automattic/socket.io-client.git',
11 verbose parsed url   path: 'socket.io-client@git@github.com:Automattic/socket.io-client.git',
11 verbose parsed url   href: 'socket.io-client@git@github.com:Automattic/socket.io-client.git' }
12 verbose already installed skipping chai@^1.9.1 /Users/apadez/develop/eureca
13 verbose already installed skipping grunt@^0.4.5 /Users/apadez/develop/eureca
14 verbose already installed skipping grunt-browser-sync@^1.5.2 /Users/apadez/develop/eureca
15 verbose cache add name="socket.io-client" spec="git@github.com:Automattic/socket.io-client.git" args=["socket.io-client","git@github.com:Automattic/socket.io-client.git"]
16 verbose parsed url { protocol: null,
16 verbose parsed url   slashes: null,
16 verbose parsed url   auth: null,
16 verbose parsed url   host: null,
16 verbose parsed url   port: null,
16 verbose parsed url   hostname: null,
16 verbose parsed url   hash: null,
16 verbose parsed url   search: null,
16 verbose parsed url   query: null,
16 verbose parsed url   pathname: 'git@github.com:Automattic/socket.io-client.git',
16 verbose parsed url   path: 'git@github.com:Automattic/socket.io-client.git',
16 verbose parsed url   href: 'git@github.com:Automattic/socket.io-client.git' }
17 verbose addNamed [ 'socket.io-client',
17 verbose addNamed   'git@github.com:Automattic/socket.io-client.git' ]
18 verbose addNamed [ null, null ]
19 verbose already installed skipping grunt-browserify@^3.0.1 /Users/apadez/develop/eureca
20 verbose already installed skipping grunt-contrib-clean@^0.6.0 /Users/apadez/develop/eureca
21 silly lockFile 65dabbf4--Automattic-socket-io-client-git socket.io-client@git@github.com:Automattic/socket.io-client.git
22 verbose lock socket.io-client@git@github.com:Automattic/socket.io-client.git /Users/apadez/.npm/65dabbf4--Automattic-socket-io-client-git.lock
23 verbose already installed skipping grunt-contrib-copy@^0.6.0 /Users/apadez/develop/eureca
24 info addNameTag [ 'socket.io-client',
24 info addNameTag   'git@github.com:Automattic/socket.io-client.git' ]
25 verbose already installed skipping grunt-contrib-jshint@^0.10.0 /Users/apadez/develop/eureca
26 verbose already installed skipping grunt-contrib-sass@^0.8.1 /Users/apadez/develop/eureca
27 verbose request where is /socket.io-client
28 verbose request registry https://registry.npmjs.org/
29 verbose request id 20f891a10f9c5313
30 verbose url raw /socket.io-client
31 verbose url resolving [ 'https://registry.npmjs.org/', './socket.io-client' ]
32 verbose url resolved https://registry.npmjs.org/socket.io-client
33 verbose request where is https://registry.npmjs.org/socket.io-client
34 info trying registry request attempt 1 at 23:44:23
35 verbose etag "1OI3I5EE4OFIS3NFZ8UNTE113"
36 http GET https://registry.npmjs.org/socket.io-client
37 verbose already installed skipping grunt-contrib-testem@^0.5.16 /Users/apadez/develop/eureca
38 verbose already installed skipping grunt-contrib-watch@^0.6.1 /Users/apadez/develop/eureca
39 verbose already installed skipping grunt-shell@^1.1.1 /Users/apadez/develop/eureca
40 verbose already installed skipping grunt-text-replace@^0.3.12 /Users/apadez/develop/eureca
41 verbose already installed skipping socket.io@^1.1.0 /Users/apadez/develop/eureca
42 http 304 https://registry.npmjs.org/socket.io-client
43 silly registry.get cb [ 304,
43 silly registry.get   { date: 'Sat, 11 Oct 2014 21:44:24 GMT',
43 silly registry.get     server: 'Apache',
43 silly registry.get     via: '1.1 varnish',
43 silly registry.get     'last-modified': 'Sat, 11 Oct 2014 21:44:24 GMT',
43 silly registry.get     'cache-control': 'max-age=60',
43 silly registry.get     etag: '"1OI3I5EE4OFIS3NFZ8UNTE113"',
43 silly registry.get     'x-served-by': 'cache-ams4126-AMS',
43 silly registry.get     'x-cache': 'HIT',
43 silly registry.get     'x-cache-hits': '1',
43 silly registry.get     'x-timer': 'S1413063864.544846,VS0,VE157',
43 silly registry.get     vary: 'Accept',
43 silly registry.get     'content-length': '0',
43 silly registry.get     'keep-alive': 'timeout=10, max=50',
43 silly registry.get     connection: 'Keep-Alive' } ]
44 verbose etag https://registry.npmjs.org/socket.io-client from cache
45 info maybeGithub Attempting git@github.com:Automattic/socket.io-client.git from git://github.com/git@github.com:Automattic/socket.io-client.git
46 silly lockFile 65d39c03--Automattic-socket-io-client-git git://github.com/git@github.com:Automattic/socket.io-client.git
47 verbose lock git://github.com/git@github.com:Automattic/socket.io-client.git /Users/apadez/.npm/65d39c03--Automattic-socket-io-client-git.lock
48 verbose addRemoteGit [ 'git://github.com/git@github.com:Automattic/socket.io-client.git',
48 verbose addRemoteGit   'master' ]
49 verbose git clone git://github.com/git@github.com:Automattic/socket.io-client.git Cloning into bare repository '/Users/apadez/.npm/_git-remotes/git-github-com-git-github-com-Automattic-socket-io-client-git-65d39c03'...
49 verbose git clone git://github.com/git@github.com:Automattic/socket.io-client.git fatal: unable to access 'https://github.com/git@github.com:Automattic/socket.io-client.git/': The requested URL returned error: 400
50 silly lockFile 65d39c03--Automattic-socket-io-client-git git://github.com/git@github.com:Automattic/socket.io-client.git
51 silly lockFile 65d39c03--Automattic-socket-io-client-git git://github.com/git@github.com:Automattic/socket.io-client.git
52 info maybeGithub Attempting git@github.com:Automattic/socket.io-client.git from git+ssh://git@github.com:git@github.com:Automattic/socket.io-client.git
53 silly lockFile 431f8bd4--Automattic-socket-io-client-git git@github.com:git@github.com:Automattic/socket.io-client.git
54 verbose lock git@github.com:git@github.com:Automattic/socket.io-client.git /Users/apadez/.npm/431f8bd4--Automattic-socket-io-client-git.lock
55 verbose addRemoteGit [ 'git@github.com:git@github.com:Automattic/socket.io-client.git',
55 verbose addRemoteGit   'master' ]
56 error git clone git@github.com:git@github.com:Automattic/socket.io-client.git Cloning into bare repository '/Users/apadez/.npm/_git-remotes/git-github-com-git-github-com-Automattic-socket-io-client-git-431f8bd4'...
56 error git clone git@github.com:git@github.com:Automattic/socket.io-client.git fatal: remote error:
56 error git clone git@github.com:git@github.com:Automattic/socket.io-client.git    is not a valid repository name
56 error git clone git@github.com:git@github.com:Automattic/socket.io-client.git   Email support@github.com for help
57 silly lockFile 431f8bd4--Automattic-socket-io-client-git git@github.com:git@github.com:Automattic/socket.io-client.git
58 silly lockFile 431f8bd4--Automattic-socket-io-client-git git@github.com:git@github.com:Automattic/socket.io-client.git
59 silly lockFile 65dabbf4--Automattic-socket-io-client-git socket.io-client@git@github.com:Automattic/socket.io-client.git
60 silly lockFile 65dabbf4--Automattic-socket-io-client-git socket.io-client@git@github.com:Automattic/socket.io-client.git
61 error notarget No compatible version found: socket.io-client@'git@github.com:Automattic/socket.io-client.git'
61 error notarget Valid install targets:
61 error notarget ["0.7.0","0.7.1","0.7.2","0.7.3","0.7.4","0.7.5","0.7.9","0.7.10","0.7.11","0.8.0","0.8.1","0.8.2","0.8.3","0.8.4","0.8.5","0.8.6","0.8.7","0.9.0","0.9.1","0.9.1-1","0.9.2","0.9.3","0.9.4","0.9.5","0.9.6","0.9.7","0.9.8","0.9.9","0.9.10","0.9.11","0.9.15","0.9.16","1.0.0-pre","1.0.0-pre2","1.0.0-pre3","1.0.0-pre4","1.0.0-pre5","0.9.17","1.0.1","1.0.2","1.0.3","1.0.4","1.0.5","1.0.6","1.1.0"]
61 error notarget
61 error notarget This is most likely not a problem with npm itself.
61 error notarget In most cases you or one of your dependencies are requesting
61 error notarget a package version that doesn't exist.
62 error System Darwin 13.4.0
63 error command "/usr/local/bin/node" "/usr/local/bin/npm" "install"
64 error cwd /Users/apadez/develop/eureca
65 error node -v v0.10.31
66 error npm -v 1.4.23
67 error code ETARGET
68 verbose exit [ 1, true ]
